<?xml version="1.0" encoding="UTF-8"?>
<!-- Generated by org.testng.reporters.JUnitReportReporter -->
<testsuite hostname="DESKTOP-DKP1646" failures="0" tests="1" name="Test.Tc_007ManageBooking" time="138.759" errors="0" timestamp="2024-03-25T09:34:28 IST" skipped="0">
  <testcase classname="Test.Tc_007ManageBooking" name="ManageBooking" time="138.759"/>
</testsuite> <!-- Test.Tc_007ManageBooking -->
