<?xml version="1.0" encoding="UTF-8"?>
<!-- Generated by org.testng.reporters.JUnitReportReporter -->
<testsuite hostname="DESKTOP-DKP1646" failures="0" tests="1" name="Test.Tc_005Checkin" time="39.649" errors="0" timestamp="2024-03-25T13:58:23 IST" skipped="0">
  <testcase classname="Test.Tc_005Checkin" name="checkin" time="39.649"/>
</testsuite> <!-- Test.Tc_005Checkin -->
