<?xml version="1.0" encoding="UTF-8"?>
<!-- Generated by org.testng.reporters.JUnitReportReporter -->
<testsuite hostname="DESKTOP-DKP1646" failures="0" tests="4" name="Test.Tc_002Login" time="150.183" errors="0" timestamp="2024-03-25T14:33:59 IST" skipped="0">
  <testcase classname="Test.Tc_002Login" name="login" time="48.015"/>
  <testcase classname="Test.Tc_002Login" name="login" time="37.557"/>
  <testcase classname="Test.Tc_002Login" name="login" time="32.240"/>
  <testcase classname="Test.Tc_002Login" name="login" time="32.371"/>
</testsuite> <!-- Test.Tc_002Login -->
