<?xml version="1.0" encoding="UTF-8"?>
<!-- Generated by org.testng.reporters.JUnitReportReporter -->
<testsuite hostname="DESKTOP-DKP1646" failures="0" tests="1" name="Test.Tc_006Flightstatus" time="220.111" errors="0" timestamp="2024-03-25T09:34:28 IST" skipped="0">
  <testcase classname="Test.Tc_006Flightstatus" name="Flightstatus" time="220.111"/>
</testsuite> <!-- Test.Tc_006Flightstatus -->
